CPU info:
Architecture:                         aarch64
CPU op-mode(s):                       64-bit
Byte Order:                           Little Endian
CPU(s):                               2
On-line CPU(s) list:                  0,1
Vendor ID:                            Apple
BIOS Vendor ID:                       Apple Inc.
Model:                                0
Thread(s) per core:                   1
Core(s) per cluster:                  2
Socket(s):                            1
Cluster(s):                           1
Stepping:                             0x0
BogoMIPS:                             48.00
Flags:                                fp asimd evtstrm aes pmull sha1 sha2 crc32 atomics fphp asimdhp cpuid asimdrdm jscvt fcma lrcpc dcpop sha3 asimddp sha512 asimdfhm dit uscat ilrcpc flagm ssbs sb paca pacg dcpodp flagm2 frint
NUMA node(s):                         1
NUMA node0 CPU(s):                    0,1
Vulnerability Gather data sampling:   Not affected
Vulnerability Itlb multihit:          Not affected
Vulnerability L1tf:                   Not affected
Vulnerability Mds:                    Not affected
Vulnerability Meltdown:               Not affected
Vulnerability Mmio stale data:        Not affected
Vulnerability Reg file data sampling: Not affected
Vulnerability Retbleed:               Not affected
Vulnerability Spec rstack overflow:   Not affected
Vulnerability Spec store bypass:      Mitigation; Speculative Store Bypass disabled via prctl
Vulnerability Spectre v1:             Mitigation; __user pointer sanitization
Vulnerability Spectre v2:             Not affected
Vulnerability Srbds:                  Not affected
Vulnerability Tsx async abort:        Not affected


Memory:
               total        used        free      shared  buff/cache   available
Mem:         2006796      454276      910236        6172      727248     1552520
Swap:              0           0           0


Storage (chroot, cache_topdir):
Filesystem     Type     Size  Used Avail Use% Mounted on
overlay        overlay  103G  5.7G   98G   6% /
overlay        overlay  103G  5.7G   98G   6% /
